<?xml version="1.0" encoding="UTF-8"?>
<testsuite name="jrails.HtmlTest" tests="1" skipped="0" failures="0" errors="0" timestamp="2022-11-23T01:27:30" hostname="Lams-MBP" time="0.004">
  <properties/>
  <testcase name="empty" classname="jrails.HtmlTest" time="0.004"/>
  <system-out><![CDATA[]]></system-out>
  <system-err><![CDATA[]]></system-err>
</testsuite>
