<?xml version="1.0" encoding="UTF-8"?>
<testsuite name="jrails.JRouterTest" tests="2" skipped="0" failures="0" errors="0" timestamp="2022-11-23T01:27:30" hostname="Lams-MBP" time="0.002">
  <properties/>
  <testcase name="getEmptyRoute" classname="jrails.JRouterTest" time="0.0"/>
  <testcase name="addRoute" classname="jrails.JRouterTest" time="0.002"/>
  <system-out><![CDATA[]]></system-out>
  <system-err><![CDATA[]]></system-err>
</testsuite>
